 A Formula 1 - Hungarian Grand Prix 2024 dobogosai a kovetkezok: 

                              Lewis Hamilton                        
                         ------------------------                         
                         |           1          |                         
                         |                      |                         
                         |                      |                         
    Lando Norris                                                      
----------------------                          |                         
|          2                                    |                         
|                                               |                         
|                                               |   Oscar Piastri
|                                              --------------------
|                                                        3         

4. Lance Stroll
5. Sergio Perez
6. Fernando Alonso
7. George Russell
8. Esteban Ocon
9. Carlos Sainz
10. Charles Leclerc
11. Max Verstappen
12. Daniel Ricciardo
13. Logan Sargeant
14. Yuki Tsunoda
15. Zhou Guanyu
16. Alexander Albon
17. Nico Hulkenberg
18. Valtteri Bottas
19. Kevin Magnussen
20. Pierre Gasly
