 A Formula 1 - Japanese Grand Prix 2024 dobogosai a kovetkezok: 

                              Lewis Hamilton                        
                         ------------------------                         
                         |           1          |                         
                         |                      |                         
                         |                      |                         
    Max Verstappen                                                      
----------------------                          |                         
|          2                                    |                         
|                                               |                         
|                                               |   George Russell
|                                              --------------------
|                                                        3         

4. Lando Norris
5. Carlos Sainz
6. Esteban Ocon
7. Charles Leclerc
8. Sergio Perez
9. Fernando Alonso
10. Oscar Piastri
11. Lance Stroll
12. Alexander Albon
13. Pierre Gasly
14. Valtteri Bottas
15. Yuki Tsunoda
16. Logan Sargeant
17. Kevin Magnussen
18. Nico Hulkenberg
19. Zhou Guanyu
20. Daniel Ricciardo
