 A Formula 1 - Hungarian Grand Prix 2024 dobogosai a kovetkezok: 

                              Max Verstappen                        
                         ------------------------                         
                         |           1          |                         
                         |                      |                         
                         |                      |                         
    Sergio Perez                                                      
----------------------                          |                         
|          2                                    |                         
|                                               |                         
|                                               |   Carlos Sainz
|                                              --------------------
|                                                        3         

4. Oscar Piastri
5. George Russell
6. Lewis Hamilton
7. Lando Norris
8. Alexander Albon
9. Charles Leclerc
10. Pierre Gasly
11. Fernando Alonso
12. Kevin Magnussen
13. Daniel Ricciardo
14. Lance Stroll
15. Logan Sargeant
16. Esteban Ocon
17. Valtteri Bottas
18. Nico Hulkenberg
19. Yuki Tsunoda
20. Zhou Guanyu
