 A Formula 1 - Austrian Grand Prix 2024 dobogosai a kovetkezok: 

                              Max Verstappen                        
                         ------------------------                         
                         |           1          |                         
                         |                      |                         
                         |                      |                         
    Sergio Perez                                                      
----------------------                          |                         
|          2                                    |                         
|                                               |                         
|                                               |   Oscar Piastri
|                                              --------------------
|                                                        3         

4. Charles Leclerc
5. Carlos Sainz
6. Lewis Hamilton
7. George Russell
8. Lando Norris
9. Lance Stroll
10. Fernando Alonso
11. Alexander Albon
12. Esteban Ocon
13. Pierre Gasly
14. Yuki Tsunoda
15. Daniel Ricciardo
16. Logan Sargeant
17. Kevin Magnussen
18. Nico Hulkenberg
19. Valtteri Bottas
20. Zhou Guanyu
