 A Formula 1 - Hungarian Grand Prix 2024 dobogosai a kovetkezok: 

                              Sergio Perez                        
                         ------------------------                         
                         |           1          |                         
                         |                      |                         
                         |                      |                         
    Max Verstappen                                                      
----------------------                          |                         
|          2                                    |                         
|                                               |                         
|                                               |   Carlos Sainz
|                                              --------------------
|                                                        3         

4. Lance Stroll
5. Oscar Piastri
6. George Russell
7. Lewis Hamilton
8. Fernando Alonso
9. Daniel Ricciardo
10. Esteban Ocon
11. Lando Norris
12. Alexander Albon
13. Pierre Gasly
14. Charles Leclerc
15. Zhou Guanyu
16. Valtteri Bottas
17. Nico Hulkenberg
18. Yuki Tsunoda
19. Logan Sargeant
20. Kevin Magnussen
