 A Formula 1 - Brazilian Grand Prix 2024 dobogosai a kovetkezok: 

                              Max Verstappen                        
                         ------------------------                         
                         |           1          |                         
                         |                      |                         
                         |                      |                         
    Esteban Ocon                                                      
----------------------                          |                         
|          2                                    |                         
|                                               |                         
|                                               |   Carlos Sainz
|                                              --------------------
|                                                        3         

4. Fernando Alonso
5. Alexander Albon
6. Pierre Gasly
7. Lance Stroll
8. Valtteri Bottas
9. Kevin Magnussen
10. Yuki Tsunoda
11. Nico Hulkenberg
12. George Russell
13. Sergio Perez
14. Lando Norris
15. Lewis Hamilton
16. Logan Sargeant
17. Daniel Ricciardo
18. Zhou Guanyu
19. Oscar Piastri
20. Charles Leclerc
